[INFO ] 2023-08-29 16:27:40.365 [main] LoginIframeClass - maximize
[DEBUG] 2023-08-29 16:27:55.614 [main] LoginIframeClass - for debug
[ERROR] 2023-08-29 16:27:55.616 [main] LoginIframeClass - for error 
[INFO ] 2023-08-29 16:27:55.616 [main] LoginIframeClass - heello
[INFO ] 2023-08-29 16:35:37.494 [main] LoginIframeClass - maximize
[DEBUG] 2023-08-29 16:35:51.828 [main] LoginIframeClass - for debug
[ERROR] 2023-08-29 16:35:51.829 [main] LoginIframeClass - for error 
[INFO ] 2023-08-29 16:35:51.829 [main] LoginIframeClass - hello
[INFO ] 2023-08-29 16:38:34.119 [main] LoginIframeClass - maximize
[DEBUG] 2023-08-29 16:38:49.424 [main] LoginIframeClass - for debug
[ERROR] 2023-08-29 16:38:49.425 [main] LoginIframeClass - for error 
[INFO ] 2023-08-29 16:38:49.425 [main] LoginIframeClass - hello
[INFO ] 2023-08-29 16:44:35.878 [main] LoginIframeClass - maximize
[DEBUG] 2023-08-29 16:44:50.209 [main] LoginIframeClass - for debug
[ERROR] 2023-08-29 16:44:50.210 [main] LoginIframeClass - for error 
[INFO ] 2023-08-29 16:44:50.210 [main] LoginIframeClass - hello
[INFO ] 2023-08-29 17:12:46.923 [main] LoginIframeClass - file: class loginiframe.LoginIframeClass
[INFO ] 2023-08-29 17:12:54.639 [main] LoginIframeClass - maximize
[DEBUG] 2023-08-29 17:13:09.884 [main] LoginIframeClass - for debug
[ERROR] 2023-08-29 17:13:09.886 [main] LoginIframeClass - for error 
[INFO ] 2023-08-29 17:13:09.886 [main] LoginIframeClass - hello
[INFO ] 2023-08-29 17:13:37.560 [main] LoginIframeClass - file: class loginiframe.LoginIframeClass
[INFO ] 2023-08-29 17:13:43.997 [main] LoginIframeClass - maximize
[DEBUG] 2023-08-29 17:13:58.890 [main] LoginIframeClass - for debug
[ERROR] 2023-08-29 17:13:58.891 [main] LoginIframeClass - for error 
[INFO ] 2023-08-29 17:13:58.891 [main] LoginIframeClass - hello
[INFO ] 2023-08-29 17:16:54.574 [main] LoginIframeClass - file: loginiframe.LoginIframeClass
[INFO ] 2023-08-29 17:17:01.205 [main] LoginIframeClass - maximize
[INFO ] 2023-08-29 17:17:35.270 [main] LoginIframeClass - file: loginiframe.LoginIframeClass
[INFO ] 2023-08-29 17:17:42.087 [main] LoginIframeClass - maximize
[INFO ] 2023-10-03 10:43:21.983 [main] LoginIframeClass - file: loginiframe.LoginIframeClass
[INFO ] 2023-10-03 10:43:31.809 [main] LoginIframeClass - maximize
[DEBUG] 2023-10-03 10:43:47.289 [main] LoginIframeClass - for debug
[ERROR] 2023-10-03 10:43:47.291 [main] LoginIframeClass - for error 
[INFO ] 2023-10-03 10:43:47.291 [main] LoginIframeClass - hello
[INFO ] 2023-10-03 11:01:23.529 [main] LoginIframeClass - file: loginiframe.LoginIframeClass
[INFO ] 2023-10-03 11:01:31.630 [main] LoginIframeClass - maximize
